<?xml version="1.0" encoding="UTF-8"?>
<testsuite xmlns:xsi="http://www.w3.org/2001/XMLSchema-instance" xsi:noNamespaceSchemaLocation="https://maven.apache.org/surefire/maven-surefire-plugin/xsd/surefire-test-report-3.0.xsd" version="3.0" name="runners.TestRunner" time="27.82" tests="4" errors="1" skipped="0" failures="0">
  <properties>
[...]
</properties>
  <testcase name="Sayfa başlığını doğrula" classname="Blog Sayfası Test Senaryoları" time="4.678">
    <system-out><![CDATA[
Scenario: Sayfa başlığını doğrula                                           &amp#27;[90m# src/test/resources/features/blog.feature:3&amp#27;[0m
Video kaydı başlatıldı: target/allure-results/Sayfa_başlığını_doğrula_1736247292306.avi
Browser konumu: x=1792, y=25
Browser boyutu: width=1920, height=981
Mevcut Başlık: Hakan Tetik - SDET & Test Automation Engineer
Sayfa URL: http://localhost:3000/
Sayfa Başlığı: Hakan Tetik - SDET & Test Automation Engineer
  &amp#27;[32mGiven &amp#27;[0m&amp#27;[32mBlog sayfasına git&amp#27;[0m                                                  &amp#27;[90m# stepDefinitions.BlogSteps.blogSayfasinaGit()&amp#27;[0m
  &amp#27;[32mThen &amp#27;[0m&amp#27;[32mSayfa başlığı &amp#27;[0m&amp#27;[32m&amp#27;[1m"Hakan Tetik - SDET & Test Automation Engineer"&amp#27;[0m&amp#27;[32m olmalı&amp#27;[0m &amp#27;[90m# stepDefinitions.BlogSteps.sayfaBasligiOlmali(java.lang.String)&amp#27;[0m
AVI video kaydedildi: /Users/hakantetik/Desktop/YapayZeka/target/allure-results/Sayfa_başlığını_doğrula_1736247292306.avi
MP4 video oluşturuldu: /Users/hakantetik/Desktop/YapayZeka/target/allure-results/Sayfa_başlığını_doğrula_1736247292306.mp4
AVI dosyası silindi: /Users/hakantetik/Desktop/YapayZeka/target/allure-results/Sayfa_başlığını_doğrula_1736247292306.avi

    Embedding Test Video [video/mp4 55275 bytes]

]]></system-out>
    <system-err><![CDATA[SLF4J: No SLF4J providers were found.
SLF4J: Defaulting to no-operation (NOP) logger implementation
SLF4J: See https://www.slf4j.org/codes.html#noProviders for further details.
Oca 07, 2025 11:54:54 ÖÖ org.openqa.selenium.devtools.CdpVersionFinder findNearestMatch
WARNING: Unable to find CDP implementation matching 131
Oca 07, 2025 11:54:54 ÖÖ org.openqa.selenium.chromium.ChromiumDriver lambda$new$5
WARNING: Unable to find version of CDP to use for 131.0.6778.205. You may need to include a dependency on a specific version of the CDP using something similar to `org.seleniumhq.selenium:selenium-devtools-v86:4.15.0` where the version ("v86") matches the version of the chromium-based browser you're using and the version number of the artifact is the same as Selenium's.
]]></system-err>
  </testcase>
  <testcase name="Ana menü linklerini kontrol et" classname="Blog Sayfası Test Senaryoları" time="3.795">
    <system-out><![CDATA[
Scenario: Ana menü linklerini kontrol et &amp#27;[90m# src/test/resources/features/blog.feature:7&amp#27;[0m
Video kaydı başlatıldı: target/allure-results/Ana_menü_linklerini_kontrol_et_1736247296895.avi
Browser konumu: x=1792, y=25
Browser boyutu: width=1920, height=982
Mevcut Başlık: Hakan Tetik - SDET & Test Automation Engineer
Sayfa URL: http://localhost:3000/
Sayfa Başlığı: Hakan Tetik - SDET & Test Automation Engineer
  &amp#27;[32mGiven &amp#27;[0m&amp#27;[32mBlog sayfasına git&amp#27;[0m               &amp#27;[90m# stepDefinitions.BlogSteps.blogSayfasinaGit()&amp#27;[0m
  &amp#27;[32mThen &amp#27;[0m&amp#27;[32mMenüde &amp#27;[0m&amp#27;[32m&amp#27;[1m"Ana Sayfa"&amp#27;[0m&amp#27;[32m linki olmalı&amp#27;[0m   &amp#27;[90m# stepDefinitions.BlogSteps.menudeLinkiOlmali(java.lang.String)&amp#27;[0m
  &amp#27;[32mAnd &amp#27;[0m&amp#27;[32mMenüde &amp#27;[0m&amp#27;[32m&amp#27;[1m"Hakkımda"&amp#27;[0m&amp#27;[32m linki olmalı&amp#27;[0m     &amp#27;[90m# stepDefinitions.BlogSteps.menudeLinkiOlmali(java.lang.String)&amp#27;[0m
  &amp#27;[32mAnd &amp#27;[0m&amp#27;[32mMenüde &amp#27;[0m&amp#27;[32m&amp#27;[1m"Projeler"&amp#27;[0m&amp#27;[32m linki olmalı&amp#27;[0m     &amp#27;[90m# stepDefinitions.BlogSteps.menudeLinkiOlmali(java.lang.String)&amp#27;[0m
  &amp#27;[32mAnd &amp#27;[0m&amp#27;[32mMenüde &amp#27;[0m&amp#27;[32m&amp#27;[1m"Kurslar"&amp#27;[0m&amp#27;[32m linki olmalı&amp#27;[0m      &amp#27;[90m# stepDefinitions.BlogSteps.menudeLinkiOlmali(java.lang.String)&amp#27;[0m
  &amp#27;[32mAnd &amp#27;[0m&amp#27;[32mMenüde &amp#27;[0m&amp#27;[32m&amp#27;[1m"İletişim"&amp#27;[0m&amp#27;[32m linki olmalı&amp#27;[0m     &amp#27;[90m# stepDefinitions.BlogSteps.menudeLinkiOlmali(java.lang.String)&amp#27;[0m
AVI video kaydedildi: /Users/hakantetik/Desktop/YapayZeka/target/allure-results/Ana_menü_linklerini_kontrol_et_1736247296895.avi
MP4 video oluşturuldu: /Users/hakantetik/Desktop/YapayZeka/target/allure-results/Ana_menü_linklerini_kontrol_et_1736247296895.mp4
AVI dosyası silindi: /Users/hakantetik/Desktop/YapayZeka/target/allure-results/Ana_menü_linklerini_kontrol_et_1736247296895.avi

    Embedding Test Video [video/mp4 55132 bytes]

]]></system-out>
    <system-err><![CDATA[Oca 07, 2025 11:54:58 ÖÖ org.openqa.selenium.devtools.CdpVersionFinder findNearestMatch
WARNING: Unable to find CDP implementation matching 131
Oca 07, 2025 11:54:58 ÖÖ org.openqa.selenium.chromium.ChromiumDriver lambda$new$5
WARNING: Unable to find version of CDP to use for 131.0.6778.205. You may need to include a dependency on a specific version of the CDP using something similar to `org.seleniumhq.selenium:selenium-devtools-v86:4.15.0` where the version ("v86") matches the version of the chromium-based browser you're using and the version number of the artifact is the same as Selenium's.
]]></system-err>
  </testcase>
  <testcase name="Sosyal medya ikonlarını kontrol et" classname="Blog Sayfası Test Senaryoları" time="3.266">
    <system-out><![CDATA[
Scenario: Sosyal medya ikonlarını kontrol et &amp#27;[90m# src/test/resources/features/blog.feature:15&amp#27;[0m
Video kaydı başlatıldı: target/allure-results/Sosyal_medya_ikonlarını_kontrol_et_1736247300692.avi
Browser konumu: x=1792, y=25
Browser boyutu: width=1920, height=982
Mevcut Başlık: Hakan Tetik - SDET & Test Automation Engineer
Sayfa URL: http://localhost:3000/
Sayfa Başlığı: Hakan Tetik - SDET & Test Automation Engineer
  &amp#27;[32mGiven &amp#27;[0m&amp#27;[32mBlog sayfasına git&amp#27;[0m                   &amp#27;[90m# stepDefinitions.BlogSteps.blogSayfasinaGit()&amp#27;[0m
  &amp#27;[32mThen &amp#27;[0m&amp#27;[32mLinkedIn ikonu görünür olmalı&amp#27;[0m         &amp#27;[90m# stepDefinitions.BlogSteps.linkedinIkonuGorunurOlmali()&amp#27;[0m
  &amp#27;[32mAnd &amp#27;[0m&amp#27;[32mGitHub ikonu görünür olmalı&amp#27;[0m            &amp#27;[90m# stepDefinitions.BlogSteps.githubIkonuGorunurOlmali()&amp#27;[0m
  &amp#27;[32mAnd &amp#27;[0m&amp#27;[32mTwitter ikonu görünür olmalı&amp#27;[0m           &amp#27;[90m# stepDefinitions.BlogSteps.twitterIkonuGorunurOlmali()&amp#27;[0m
AVI video kaydedildi: /Users/hakantetik/Desktop/YapayZeka/target/allure-results/Sosyal_medya_ikonlarını_kontrol_et_1736247300692.avi
MP4 video oluşturuldu: /Users/hakantetik/Desktop/YapayZeka/target/allure-results/Sosyal_medya_ikonlarını_kontrol_et_1736247300692.mp4
AVI dosyası silindi: /Users/hakantetik/Desktop/YapayZeka/target/allure-results/Sosyal_medya_ikonlarını_kontrol_et_1736247300692.avi

    Embedding Test Video [video/mp4 55142 bytes]

]]></system-out>
    <system-err><![CDATA[Oca 07, 2025 11:55:01 ÖÖ org.openqa.selenium.devtools.CdpVersionFinder findNearestMatch
WARNING: Unable to find CDP implementation matching 131
Oca 07, 2025 11:55:01 ÖÖ org.openqa.selenium.chromium.ChromiumDriver lambda$new$5
WARNING: Unable to find version of CDP to use for 131.0.6778.205. You may need to include a dependency on a specific version of the CDP using something similar to `org.seleniumhq.selenium:selenium-devtools-v86:4.15.0` where the version ("v86") matches the version of the chromium-based browser you're using and the version number of the artifact is the same as Selenium's.
]]></system-err>
  </testcase>
  <testcase name="Hakkımda bölümünü kontrol et" classname="Blog Sayfası Test Senaryoları" time="15.385">
    <error message="Expected condition failed: waiting for url to contain &quot;hakkımda&quot;. Current url: &quot;http://localhost:3000/&quot; (tried for 10 second(s) with 500 milliseconds interval)&#10;Build info: version: &apos;4.15.0&apos;, revision: &apos;1d14b5521b&apos;&#10;System info: os.name: &apos;Mac OS X&apos;, os.arch: &apos;x86_64&apos;, os.version: &apos;15.2&apos;, java.version: &apos;17.0.13&apos;&#10;Driver info: org.openqa.selenium.chrome.ChromeDriver&#10;Capabilities {acceptInsecureCerts: false, browserName: chrome, browserVersion: 131.0.6778.205, chrome: {chromedriverVersion: 131.0.6778.204 (52183f9e99a..., userDataDir: /var/folders/yv/xslfpg590dv...}, fedcm:accounts: true, goog:chromeOptions: {debuggerAddress: localhost:51730}, networkConnectionEnabled: false, pageLoadStrategy: normal, platformName: mac, proxy: Proxy(), se:cdp: ws://localhost:51730/devtoo..., se:cdpVersion: 131.0.6778.205, setWindowRect: true, strictFileInteractability: false, timeouts: {implicit: 0, pageLoad: 300000, script: 30000}, unhandledPromptBehavior: dismiss and notify, webauthn:extension:credBlob: true, webauthn:extension:largeBlob: true, webauthn:extension:minPinLength: true, webauthn:extension:prf: true, webauthn:virtualAuthenticators: true}&#10;Session ID: 9c55caef1469807b350aaeee148ad531" type="org.openqa.selenium.TimeoutException"><![CDATA[org.openqa.selenium.TimeoutException: 
Expected condition failed: waiting for url to contain "hakkımda". Current url: "http://localhost:3000/" (tried for 10 second(s) with 500 milliseconds interval)
Build info: version: '4.15.0', revision: '1d14b5521b'
System info: os.name: 'Mac OS X', os.arch: 'x86_64', os.version: '15.2', java.version: '17.0.13'
Driver info: org.openqa.selenium.chrome.ChromeDriver
Capabilities {acceptInsecureCerts: false, browserName: chrome, browserVersion: 131.0.6778.205, chrome: {chromedriverVersion: 131.0.6778.204 (52183f9e99a..., userDataDir: /var/folders/yv/xslfpg590dv...}, fedcm:accounts: true, goog:chromeOptions: {debuggerAddress: localhost:51730}, networkConnectionEnabled: false, pageLoadStrategy: normal, platformName: mac, proxy: Proxy(), se:cdp: ws://localhost:51730/devtoo..., se:cdpVersion: 131.0.6778.205, setWindowRect: true, strictFileInteractability: false, timeouts: {implicit: 0, pageLoad: 300000, script: 30000}, unhandledPromptBehavior: dismiss and notify, webauthn:extension:credBlob: true, webauthn:extension:largeBlob: true, webauthn:extension:minPinLength: true, webauthn:extension:prf: true, webauthn:virtualAuthenticators: true}
Session ID: 9c55caef1469807b350aaeee148ad531
	at org.openqa.selenium.support.ui.WebDriverWait.timeoutException(WebDriverWait.java:84)
	at org.openqa.selenium.support.ui.FluentWait.until(FluentWait.java:229)
	at stepDefinitions.BlogSteps.bolumuneGit(BlogSteps.java:117)
	at ✽."Hakkımda" bölümüne git(file:///Users/hakantetik/Desktop/YapayZeka/src/test/resources/features/blog.feature:23)
]]></error>
    <system-out><![CDATA[
Scenario: Hakkımda bölümünü kontrol et           &amp#27;[90m# src/test/resources/features/blog.feature:21&amp#27;[0m
Video kaydı başlatıldı: target/allure-results/Hakkımda_bölümünü_kontrol_et_1736247303959.avi
Browser konumu: x=1792, y=25
Browser boyutu: width=1920, height=982
Mevcut Başlık: Hakan Tetik - SDET & Test Automation Engineer
Sayfa URL: http://localhost:3000/
Sayfa Başlığı: Hakan Tetik - SDET & Test Automation Engineer
  &amp#27;[32mGiven &amp#27;[0m&amp#27;[32mBlog sayfasına git&amp#27;[0m                       &amp#27;[90m# stepDefinitions.BlogSteps.blogSayfasinaGit()&amp#27;[0m
HATA: Hakkımda bölümüne gidilemedi!
  &amp#27;[31mWhen &amp#27;[0m&amp#27;[31m&amp#27;[0m&amp#27;[31m&amp#27;[1m"Hakkımda"&amp#27;[0m&amp#27;[31m bölümüne git&amp#27;[0m                   &amp#27;[90m# stepDefinitions.BlogSteps.bolumuneGit(java.lang.String)&amp#27;[0m
      &amp#27;[31morg.openqa.selenium.TimeoutException: Expected condition failed: waiting for url to contain "hakkımda". Current url: "http://localhost:3000/" (tried for 10 second(s) with 500 milliseconds interval)
Build info: version: '4.15.0', revision: '1d14b5521b'
System info: os.name: 'Mac OS X', os.arch: 'x86_64', os.version: '15.2', java.version: '17.0.13'
Driver info: org.openqa.selenium.chrome.ChromeDriver
Capabilities {acceptInsecureCerts: false, browserName: chrome, browserVersion: 131.0.6778.205, chrome: {chromedriverVersion: 131.0.6778.204 (52183f9e99a..., userDataDir: /var/folders/yv/xslfpg590dv...}, fedcm:accounts: true, goog:chromeOptions: {debuggerAddress: localhost:51730}, networkConnectionEnabled: false, pageLoadStrategy: normal, platformName: mac, proxy: Proxy(), se:cdp: ws://localhost:51730/devtoo..., se:cdpVersion: 131.0.6778.205, setWindowRect: true, strictFileInteractability: false, timeouts: {implicit: 0, pageLoad: 300000, script: 30000}, unhandledPromptBehavior: dismiss and notify, webauthn:extension:credBlob: true, webauthn:extension:largeBlob: true, webauthn:extension:minPinLength: true, webauthn:extension:prf: true, webauthn:virtualAuthenticators: true}
Session ID: 9c55caef1469807b350aaeee148ad531
	at org.openqa.selenium.support.ui.WebDriverWait.timeoutException(WebDriverWait.java:84)
	at org.openqa.selenium.support.ui.FluentWait.until(FluentWait.java:229)
	at stepDefinitions.BlogSteps.bolumuneGit(BlogSteps.java:117)
	at ✽."Hakkımda" bölümüne git(file:///Users/hakantetik/Desktop/YapayZeka/src/test/resources/features/blog.feature:23)
&amp#27;[0m
  &amp#27;[36mThen &amp#27;[0m&amp#27;[36m&amp#27;[0m&amp#27;[36m&amp#27;[1m"I'm Here for You"&amp#27;[0m&amp#27;[36m başlığı görünür olmalı&amp#27;[0m &amp#27;[90m# stepDefinitions.BlogSteps.basligiGorunurOlmali(java.lang.String)&amp#27;[0m
  &amp#27;[36mAnd &amp#27;[0m&amp#27;[36m&amp#27;[0m&amp#27;[36m&amp#27;[1m"Latest Courses"&amp#27;[0m&amp#27;[36m kartı görünür olmalı&amp#27;[0m      &amp#27;[90m# stepDefinitions.BlogSteps.kartiGorunurOlmali(java.lang.String)&amp#27;[0m
  &amp#27;[36mAnd &amp#27;[0m&amp#27;[36m&amp#27;[0m&amp#27;[36m&amp#27;[1m"Tech Articles"&amp#27;[0m&amp#27;[36m kartı görünür olmalı&amp#27;[0m       &amp#27;[90m# stepDefinitions.BlogSteps.kartiGorunurOlmali(java.lang.String)&amp#27;[0m
  &amp#27;[36mAnd &amp#27;[0m&amp#27;[36m&amp#27;[0m&amp#27;[36m&amp#27;[1m"Open Source"&amp#27;[0m&amp#27;[36m kartı görünür olmalı&amp#27;[0m         &amp#27;[90m# stepDefinitions.BlogSteps.kartiGorunurOlmali(java.lang.String)&amp#27;[0m

    Embedding Screenshot [image/png 99263 bytes]

AVI video kaydedildi: /Users/hakantetik/Desktop/YapayZeka/target/allure-results/Hakkımda_bölümünü_kontrol_et_1736247303959.avi
MP4 video oluşturuldu: /Users/hakantetik/Desktop/YapayZeka/target/allure-results/Hakkımda_bölümünü_kontrol_et_1736247303959.mp4
AVI dosyası silindi: /Users/hakantetik/Desktop/YapayZeka/target/allure-results/Hakkımda_bölümünü_kontrol_et_1736247303959.avi

    Embedding Test Video [video/mp4 552592 bytes]

]]></system-out>
    <system-err><![CDATA[Oca 07, 2025 11:55:05 ÖÖ org.openqa.selenium.devtools.CdpVersionFinder findNearestMatch
WARNING: Unable to find CDP implementation matching 131
Oca 07, 2025 11:55:05 ÖÖ org.openqa.selenium.chromium.ChromiumDriver lambda$new$5
WARNING: Unable to find version of CDP to use for 131.0.6778.205. You may need to include a dependency on a specific version of the CDP using something similar to `org.seleniumhq.selenium:selenium-devtools-v86:4.15.0` where the version ("v86") matches the version of the chromium-based browser you're using and the version number of the artifact is the same as Selenium's.
]]></system-err>
  </testcase>
</testsuite>